{message:hahaha, trace:Error: hahaha}
{message:hahaha, trace:Error: hahaha}
{message:Cannot find module './route'
Require stack:
- C:\Users\JORDAN AHU MAWULI\Desktop\videoRentalApi\server.js, trace:Error: Cannot find module './route'
Require stack:
- C:\Users\JORDAN AHU MAWULI\Desktop\videoRentalApi\server.js}
{message:processRoutes is not defined, trace:ReferenceError: processRoutes is not defined}
{message:Cannot find module './routes/process'
Require stack:
- C:\Users\JORDAN AHU MAWULI\Desktop\videoRentalApi\server.js, trace:Error: Cannot find module './routes/process'
Require stack:
- C:\Users\JORDAN AHU MAWULI\Desktop\videoRentalApi\server.js}
{message:Cannot find module '.'
Require stack:
- C:\Users\JORDAN AHU MAWULI\Desktop\videoRentalApi\routes\process.js
- C:\Users\JORDAN AHU MAWULI\Desktop\videoRentalApi\server.js, trace:Error: Cannot find module '.'
Require stack:
- C:\Users\JORDAN AHU MAWULI\Desktop\videoRentalApi\routes\process.js
- C:\Users\JORDAN AHU MAWULI\Desktop\videoRentalApi\server.js}
{message:Cannot find module '.'
Require stack:
- C:\Users\JORDAN AHU MAWULI\Desktop\videoRentalApi\routes\process.js
- C:\Users\JORDAN AHU MAWULI\Desktop\videoRentalApi\server.js, trace:Error: Cannot find module '.'
Require stack:
- C:\Users\JORDAN AHU MAWULI\Desktop\videoRentalApi\routes\process.js
- C:\Users\JORDAN AHU MAWULI\Desktop\videoRentalApi\server.js}
{message:Cannot find module '.'
Require stack:
- C:\Users\JORDAN AHU MAWULI\Desktop\videoRentalApi\routes\process.js
- C:\Users\JORDAN AHU MAWULI\Desktop\videoRentalApi\server.js, trace:Error: Cannot find module '.'
Require stack:
- C:\Users\JORDAN AHU MAWULI\Desktop\videoRentalApi\routes\process.js
- C:\Users\JORDAN AHU MAWULI\Desktop\videoRentalApi\server.js}
{message:Cannot find module '.'
Require stack:
- C:\Users\JORDAN AHU MAWULI\Desktop\videoRentalApi\routes\process.js
- C:\Users\JORDAN AHU MAWULI\Desktop\videoRentalApi\server.js, trace:Error: Cannot find module '.'
Require stack:
- C:\Users\JORDAN AHU MAWULI\Desktop\videoRentalApi\routes\process.js
- C:\Users\JORDAN AHU MAWULI\Desktop\videoRentalApi\server.js}
{message:Cannot find module '.'
Require stack:
- C:\Users\JORDAN AHU MAWULI\Desktop\videoRentalApi\routes\process.js
- C:\Users\JORDAN AHU MAWULI\Desktop\videoRentalApi\server.js, trace:Error: Cannot find module '.'
Require stack:
- C:\Users\JORDAN AHU MAWULI\Desktop\videoRentalApi\routes\process.js
- C:\Users\JORDAN AHU MAWULI\Desktop\videoRentalApi\server.js}
{message:Cannot find module '.'
Require stack:
- C:\Users\JORDAN AHU MAWULI\Desktop\videoRentalApi\routes\process.js
- C:\Users\JORDAN AHU MAWULI\Desktop\videoRentalApi\server.js, trace:Error: Cannot find module '.'
Require stack:
- C:\Users\JORDAN AHU MAWULI\Desktop\videoRentalApi\routes\process.js
- C:\Users\JORDAN AHU MAWULI\Desktop\videoRentalApi\server.js}
{message:Cannot find module '.'
Require stack:
- C:\Users\JORDAN AHU MAWULI\Desktop\videoRentalApi\routes\process.js
- C:\Users\JORDAN AHU MAWULI\Desktop\videoRentalApi\server.js, trace:Error: Cannot find module '.'
Require stack:
- C:\Users\JORDAN AHU MAWULI\Desktop\videoRentalApi\routes\process.js
- C:\Users\JORDAN AHU MAWULI\Desktop\videoRentalApi\server.js}
{message:Cannot find module '.'
Require stack:
- C:\Users\JORDAN AHU MAWULI\Desktop\videoRentalApi\routes\process.js
- C:\Users\JORDAN AHU MAWULI\Desktop\videoRentalApi\server.js, trace:Error: Cannot find module '.'
Require stack:
- C:\Users\JORDAN AHU MAWULI\Desktop\videoRentalApi\routes\process.js
- C:\Users\JORDAN AHU MAWULI\Desktop\videoRentalApi\server.js}
{message:Cannot find module '.'
Require stack:
- C:\Users\JORDAN AHU MAWULI\Desktop\videoRentalApi\routes\process.js
- C:\Users\JORDAN AHU MAWULI\Desktop\videoRentalApi\server.js, trace:Error: Cannot find module '.'
Require stack:
- C:\Users\JORDAN AHU MAWULI\Desktop\videoRentalApi\routes\process.js
- C:\Users\JORDAN AHU MAWULI\Desktop\videoRentalApi\server.js}
{message:Cannot find module '.'
Require stack:
- C:\Users\JORDAN AHU MAWULI\Desktop\videoRentalApi\routes\process.js
- C:\Users\JORDAN AHU MAWULI\Desktop\videoRentalApi\server.js, trace:Error: Cannot find module '.'
Require stack:
- C:\Users\JORDAN AHU MAWULI\Desktop\videoRentalApi\routes\process.js
- C:\Users\JORDAN AHU MAWULI\Desktop\videoRentalApi\server.js}
{message:Cannot find module '.'
Require stack:
- C:\Users\JORDAN AHU MAWULI\Desktop\videoRentalApi\routes\process.js
- C:\Users\JORDAN AHU MAWULI\Desktop\videoRentalApi\server.js, trace:Error: Cannot find module '.'
Require stack:
- C:\Users\JORDAN AHU MAWULI\Desktop\videoRentalApi\routes\process.js
- C:\Users\JORDAN AHU MAWULI\Desktop\videoRentalApi\server.js}
{message:Cannot find module '.'
Require stack:
- C:\Users\JORDAN AHU MAWULI\Desktop\videoRentalApi\routes\process.js
- C:\Users\JORDAN AHU MAWULI\Desktop\videoRentalApi\server.js, trace:Error: Cannot find module '.'
Require stack:
- C:\Users\JORDAN AHU MAWULI\Desktop\videoRentalApi\routes\process.js
- C:\Users\JORDAN AHU MAWULI\Desktop\videoRentalApi\server.js}
{message:Cannot find module '.'
Require stack:
- C:\Users\JORDAN AHU MAWULI\Desktop\videoRentalApi\routes\process.js
- C:\Users\JORDAN AHU MAWULI\Desktop\videoRentalApi\server.js, trace:Error: Cannot find module '.'
Require stack:
- C:\Users\JORDAN AHU MAWULI\Desktop\videoRentalApi\routes\process.js
- C:\Users\JORDAN AHU MAWULI\Desktop\videoRentalApi\server.js}
{message:Cannot find module '.'
Require stack:
- C:\Users\JORDAN AHU MAWULI\Desktop\videoRentalApi\routes\process.js
- C:\Users\JORDAN AHU MAWULI\Desktop\videoRentalApi\server.js, trace:Error: Cannot find module '.'
Require stack:
- C:\Users\JORDAN AHU MAWULI\Desktop\videoRentalApi\routes\process.js
- C:\Users\JORDAN AHU MAWULI\Desktop\videoRentalApi\server.js}
{message:Cannot find module '.'
Require stack:
- C:\Users\JORDAN AHU MAWULI\Desktop\videoRentalApi\routes\process.js
- C:\Users\JORDAN AHU MAWULI\Desktop\videoRentalApi\server.js, trace:Error: Cannot find module '.'
Require stack:
- C:\Users\JORDAN AHU MAWULI\Desktop\videoRentalApi\routes\process.js
- C:\Users\JORDAN AHU MAWULI\Desktop\videoRentalApi\server.js}
{message:Cannot find module '.'
Require stack:
- C:\Users\JORDAN AHU MAWULI\Desktop\videoRentalApi\routes\process.js
- C:\Users\JORDAN AHU MAWULI\Desktop\videoRentalApi\server.js, trace:Error: Cannot find module '.'
Require stack:
- C:\Users\JORDAN AHU MAWULI\Desktop\videoRentalApi\routes\process.js
- C:\Users\JORDAN AHU MAWULI\Desktop\videoRentalApi\server.js}
{message:Cannot find module '.'
Require stack:
- C:\Users\JORDAN AHU MAWULI\Desktop\videoRentalApi\routes\process.js
- C:\Users\JORDAN AHU MAWULI\Desktop\videoRentalApi\server.js, trace:Error: Cannot find module '.'
Require stack:
- C:\Users\JORDAN AHU MAWULI\Desktop\videoRentalApi\routes\process.js
- C:\Users\JORDAN AHU MAWULI\Desktop\videoRentalApi\server.js}
{message:Cannot find module '.'
Require stack:
- C:\Users\JORDAN AHU MAWULI\Desktop\videoRentalApi\routes\process.js
- C:\Users\JORDAN AHU MAWULI\Desktop\videoRentalApi\server.js, trace:Error: Cannot find module '.'
Require stack:
- C:\Users\JORDAN AHU MAWULI\Desktop\videoRentalApi\routes\process.js
- C:\Users\JORDAN AHU MAWULI\Desktop\videoRentalApi\server.js}
{message:Cannot find module '.'
Require stack:
- C:\Users\JORDAN AHU MAWULI\Desktop\videoRentalApi\routes\process.js
- C:\Users\JORDAN AHU MAWULI\Desktop\videoRentalApi\server.js, trace:Error: Cannot find module '.'
Require stack:
- C:\Users\JORDAN AHU MAWULI\Desktop\videoRentalApi\routes\process.js
- C:\Users\JORDAN AHU MAWULI\Desktop\videoRentalApi\server.js}
{message:Cannot find module '.'
Require stack:
- C:\Users\JORDAN AHU MAWULI\Desktop\videoRentalApi\routes\process.js
- C:\Users\JORDAN AHU MAWULI\Desktop\videoRentalApi\server.js, trace:Error: Cannot find module '.'
Require stack:
- C:\Users\JORDAN AHU MAWULI\Desktop\videoRentalApi\routes\process.js
- C:\Users\JORDAN AHU MAWULI\Desktop\videoRentalApi\server.js}
{message:Cannot find module '.'
Require stack:
- C:\Users\JORDAN AHU MAWULI\Desktop\videoRentalApi\routes\process.js
- C:\Users\JORDAN AHU MAWULI\Desktop\videoRentalApi\server.js, trace:Error: Cannot find module '.'
Require stack:
- C:\Users\JORDAN AHU MAWULI\Desktop\videoRentalApi\routes\process.js
- C:\Users\JORDAN AHU MAWULI\Desktop\videoRentalApi\server.js}
{message:Cannot find module '.'
Require stack:
- C:\Users\JORDAN AHU MAWULI\Desktop\videoRentalApi\routes\process.js
- C:\Users\JORDAN AHU MAWULI\Desktop\videoRentalApi\server.js, trace:Error: Cannot find module '.'
Require stack:
- C:\Users\JORDAN AHU MAWULI\Desktop\videoRentalApi\routes\process.js
- C:\Users\JORDAN AHU MAWULI\Desktop\videoRentalApi\server.js}
{message:Cannot find module '.'
Require stack:
- C:\Users\JORDAN AHU MAWULI\Desktop\videoRentalApi\routes\process.js
- C:\Users\JORDAN AHU MAWULI\Desktop\videoRentalApi\server.js, trace:Error: Cannot find module '.'
Require stack:
- C:\Users\JORDAN AHU MAWULI\Desktop\videoRentalApi\routes\process.js
- C:\Users\JORDAN AHU MAWULI\Desktop\videoRentalApi\server.js}
{message:Cannot find module '.'
Require stack:
- C:\Users\JORDAN AHU MAWULI\Desktop\videoRentalApi\routes\process.js
- C:\Users\JORDAN AHU MAWULI\Desktop\videoRentalApi\server.js, trace:Error: Cannot find module '.'
Require stack:
- C:\Users\JORDAN AHU MAWULI\Desktop\videoRentalApi\routes\process.js
- C:\Users\JORDAN AHU MAWULI\Desktop\videoRentalApi\server.js}
{message:Cannot find module '.'
Require stack:
- C:\Users\JORDAN AHU MAWULI\Desktop\videoRentalApi\routes\process.js
- C:\Users\JORDAN AHU MAWULI\Desktop\videoRentalApi\server.js, trace:Error: Cannot find module '.'
Require stack:
- C:\Users\JORDAN AHU MAWULI\Desktop\videoRentalApi\routes\process.js
- C:\Users\JORDAN AHU MAWULI\Desktop\videoRentalApi\server.js}
{message:Cannot find module '.'
Require stack:
- C:\Users\JORDAN AHU MAWULI\Desktop\videoRentalApi\routes\process.js
- C:\Users\JORDAN AHU MAWULI\Desktop\videoRentalApi\server.js, trace:Error: Cannot find module '.'
Require stack:
- C:\Users\JORDAN AHU MAWULI\Desktop\videoRentalApi\routes\process.js
- C:\Users\JORDAN AHU MAWULI\Desktop\videoRentalApi\server.js}
{message:Cannot find module './'
Require stack:
- C:\Users\JORDAN AHU MAWULI\Desktop\videoRentalApi\routes\process.js
- C:\Users\JORDAN AHU MAWULI\Desktop\videoRentalApi\server.js, trace:Error: Cannot find module './'
Require stack:
- C:\Users\JORDAN AHU MAWULI\Desktop\videoRentalApi\routes\process.js
- C:\Users\JORDAN AHU MAWULI\Desktop\videoRentalApi\server.js}
{message:The argument 'id' must be a non-empty string. Received '', trace:TypeError [ERR_INVALID_ARG_VALUE]: The argument 'id' must be a non-empty string. Received ''}
{message:connectToDb is not defined, trace:ReferenceError: connectToDb is not defined}
{message:connectToDb is not defined, trace:ReferenceError: connectToDb is not defined}
{message:connectToDb is not defined, trace:ReferenceError: connectToDb is not defined}
{message:connectToDb is not defined, trace:ReferenceError: connectToDb is not defined}
{message:Cannot find module './routes/process'
Require stack:
- C:\Users\JORDAN AHU MAWULI\Desktop\videoRentalApi\server.js, trace:Error: Cannot find module './routes/process'
Require stack:
- C:\Users\JORDAN AHU MAWULI\Desktop\videoRentalApi\server.js}
{message:requir is not defined, trace:ReferenceError: requir is not defined}
{message:The argument 'id' must be a non-empty string. Received '', trace:TypeError [ERR_INVALID_ARG_VALUE]: The argument 'id' must be a non-empty string. Received ''}
{message:undefined, trace:undefined}
{message:listening on port , trace:undefined}
{message:listening on port 500..., trace:undefined}
{message:listening on port 500..., trace:undefined}
{message:listening on port 500..., trace:undefined}
{message:listening on port 500..., trace:undefined}
